<?xml version="1.0" encoding="UTF-8"?>
<!-- Generated by org.testng.reporters.JUnitReportReporter -->
<testsuite skipped="0" hostname="LAPTOP-NIDHN7M2" name="com.employeeapi.testCases.TC001_Get_All_Employees" tests="9" failures="0" timestamp="27 Jan 2021 22:44:20 GMT" time="0.030" errors="0">
  <testcase name="checkContentType" time="0.001" classname="com.employeeapi.testCases.TC001_Get_All_Employees"/>
  <testcase name="checkResponseTime" time="0.000" classname="com.employeeapi.testCases.TC001_Get_All_Employees"/>
  <testcase name="checkstatusLine" time="0.000" classname="com.employeeapi.testCases.TC001_Get_All_Employees"/>
  <testcase name="checkserverType" time="0.000" classname="com.employeeapi.testCases.TC001_Get_All_Employees"/>
  <testcase name="checkResposeBody" time="0.015" classname="com.employeeapi.testCases.TC001_Get_All_Employees"/>
  <testcase name="checkcontentEncoding" time="0.000" classname="com.employeeapi.testCases.TC001_Get_All_Employees"/>
  <testcase name="checkContentLenght" time="0.012" classname="com.employeeapi.testCases.TC001_Get_All_Employees"/>
  <testcase name="checkStatusCode" time="0.000" classname="com.employeeapi.testCases.TC001_Get_All_Employees"/>
  <testcase name="checkCookies" time="0.002" classname="com.employeeapi.testCases.TC001_Get_All_Employees"/>
</testsuite> <!-- com.employeeapi.testCases.TC001_Get_All_Employees -->
